Watching for file changes with StatReloader
Performing system checks...

System check identified some issues:

WARNINGS:
todos.Todo: (models.W042) Auto-created primary key used when not defining a primary key type, by default 'django.db.models.AutoField'.
	HINT: Configure the DEFAULT_AUTO_FIELD setting or the TodosConfig.default_auto_field attribute to point to a subclass of AutoField, e.g. 'django.db.models.BigAutoField'.

System check identified 1 issue (0 silenced).
November 30, 2022 - 15:30:40
Django version 4.1.3, using settings 'todoApp.settings'
Starting development server at http://0.0.0.0:8000/
Quit the server with CONTROL-C.
[30/Nov/2022 15:31:24] "GET /todos/ HTTP/1.1" 200 3515
[30/Nov/2022 15:31:26] "GET /todos/ HTTP/1.1" 200 3515
[30/Nov/2022 15:31:27] "GET /todos/ HTTP/1.1" 200 3515
[30/Nov/2022 15:32:07] "GET /todos/ HTTP/1.1" 200 3515
[30/Nov/2022 15:32:44] "GET /todos/ HTTP/1.1" 200 3515
[30/Nov/2022 15:33:12] "GET /todos/ HTTP/1.1" 200 3515
[30/Nov/2022 15:34:39] "GET /todos/ HTTP/1.1" 200 3515
[30/Nov/2022 15:35:43] "GET /todos/ HTTP/1.1" 200 3515
[30/Nov/2022 15:35:45] "GET /todos/ HTTP/1.1" 200 3515
[30/Nov/2022 15:35:48] "GET /todos/ HTTP/1.1" 200 3515
[30/Nov/2022 15:35:52] "GET /todos/ HTTP/1.1" 200 3515
[30/Nov/2022 15:36:37] "POST /todos/add/ HTTP/1.1" 302 0
[30/Nov/2022 15:36:37] "GET /todos/ HTTP/1.1" 200 4098
[30/Nov/2022 15:36:40] "POST /todos/22/update HTTP/1.1" 302 0
[30/Nov/2022 15:36:40] "GET /todos/ HTTP/1.1" 200 4135
[30/Nov/2022 15:36:43] "POST /todos/3/update HTTP/1.1" 302 0
[30/Nov/2022 15:36:43] "GET /todos/ HTTP/1.1" 200 4172
[30/Nov/2022 15:36:44] "POST /todos/2/update HTTP/1.1" 302 0
[30/Nov/2022 15:36:44] "GET /todos/ HTTP/1.1" 200 4209
[30/Nov/2022 15:36:45] "GET /todos/22/delete HTTP/1.1" 302 0
[30/Nov/2022 15:36:45] "GET /todos/ HTTP/1.1" 200 3589
[30/Nov/2022 15:36:46] "GET /todos/3/delete HTTP/1.1" 302 0
[30/Nov/2022 15:36:46] "GET /todos/ HTTP/1.1" 200 2957
[30/Nov/2022 15:36:47] "GET /todos/2/delete HTTP/1.1" 302 0
[30/Nov/2022 15:36:47] "GET /todos/ HTTP/1.1" 200 2328
Watching for file changes with StatReloader
Performing system checks...

System check identified some issues:

WARNINGS:
todos.Todo: (models.W042) Auto-created primary key used when not defining a primary key type, by default 'django.db.models.AutoField'.
	HINT: Configure the DEFAULT_AUTO_FIELD setting or the TodosConfig.default_auto_field attribute to point to a subclass of AutoField, e.g. 'django.db.models.BigAutoField'.

System check identified 1 issue (0 silenced).
November 30, 2022 - 15:38:04
Django version 4.1.3, using settings 'todoApp.settings'
Starting development server at http://0.0.0.0:8000/
Quit the server with CONTROL-C.
Error: That port is already in use.
/root/django-todo/todoApp/settings.py changed, reloading.
Watching for file changes with StatReloader
Performing system checks...

System check identified some issues:

WARNINGS:
todos.Todo: (models.W042) Auto-created primary key used when not defining a primary key type, by default 'django.db.models.AutoField'.
	HINT: Configure the DEFAULT_AUTO_FIELD setting or the TodosConfig.default_auto_field attribute to point to a subclass of AutoField, e.g. 'django.db.models.BigAutoField'.

System check identified 1 issue (0 silenced).
November 30, 2022 - 15:40:03
Django version 4.1.3, using settings 'todoApp.settings'
Starting development server at http://0.0.0.0:8000/
Quit the server with CONTROL-C.
[30/Nov/2022 15:40:28] "GET /todos/ HTTP/1.1" 200 2328
[30/Nov/2022 15:40:46] "GET /todos/ HTTP/1.1" 200 2328
[30/Nov/2022 15:40:46] "GET /todos/ HTTP/1.1" 200 2328
[30/Nov/2022 15:40:47] "GET /todos/ HTTP/1.1" 200 2328
[30/Nov/2022 15:40:47] "GET /todos/ HTTP/1.1" 200 2328
[30/Nov/2022 15:40:47] "GET /todos/ HTTP/1.1" 200 2328
[30/Nov/2022 15:40:47] "GET /todos/ HTTP/1.1" 200 2328
[30/Nov/2022 15:40:52] "GET /todos/ HTTP/1.1" 200 2328
[30/Nov/2022 15:40:52] "GET /static/css/style.css HTTP/1.1" 200 225
[30/Nov/2022 15:42:13] "GET / HTTP/1.1" 302 0
[30/Nov/2022 15:42:13] "GET /todos/ HTTP/1.1" 200 2328
[30/Nov/2022 15:42:13] "GET /static/css/style.css HTTP/1.1" 304 0
[30/Nov/2022 15:42:26] "GET /todos/ HTTP/1.1" 200 2328
[30/Nov/2022 15:42:26] "GET /static/css/style.css HTTP/1.1" 200 225
Not Found: /favicon.ico
[30/Nov/2022 15:42:28] "GET /favicon.ico HTTP/1.1" 404 2575
Watching for file changes with StatReloader
Performing system checks...

System check identified some issues:

WARNINGS:
todos.Todo: (models.W042) Auto-created primary key used when not defining a primary key type, by default 'django.db.models.AutoField'.
	HINT: Configure the DEFAULT_AUTO_FIELD setting or the TodosConfig.default_auto_field attribute to point to a subclass of AutoField, e.g. 'django.db.models.BigAutoField'.

System check identified 1 issue (0 silenced).
November 30, 2022 - 16:10:45
Django version 4.1.3, using settings 'todoApp.settings'
Starting development server at http://0.0.0.0:8000/
Quit the server with CONTROL-C.
Watching for file changes with StatReloader
Performing system checks...

System check identified some issues:

WARNINGS:
todos.Todo: (models.W042) Auto-created primary key used when not defining a primary key type, by default 'django.db.models.AutoField'.
	HINT: Configure the DEFAULT_AUTO_FIELD setting or the TodosConfig.default_auto_field attribute to point to a subclass of AutoField, e.g. 'django.db.models.BigAutoField'.

System check identified 1 issue (0 silenced).
November 30, 2022 - 16:13:47
Django version 4.1.3, using settings 'todoApp.settings'
Starting development server at http://0.0.0.0:8000/
Quit the server with CONTROL-C.
Error: That port is already in use.
